<?xml version="1.0" encoding="UTF-8"?>
<testsuite xmlns:xsi="http://www.w3.org/2001/XMLSchema-instance" xsi:noNamespaceSchemaLocation="https://maven.apache.org/surefire/maven-surefire-plugin/xsd/surefire-test-report-3.0.xsd" version="3.0" name="model.CalculatorModelTest" time="0.036" tests="33" errors="0" skipped="0" failures="0">
  <properties>
[...]
</properties>
  <testcase name="stateIsReady" classname="model.CalculatorModelTest" time="0.009"/>
  <testcase name="opMulToNegative" classname="model.CalculatorModelTest" time="0.001"/>
  <testcase name="numToOp" classname="model.CalculatorModelTest" time="0.001"/>
  <testcase name="resultEqualsOverEightDigits" classname="model.CalculatorModelTest" time="0.003"/>
  <testcase name="OpToEr" classname="model.CalculatorModelTest" time="0.001"/>
  <testcase name="readyToNegative" classname="model.CalculatorModelTest" time="0.0"/>
  <testcase name="opDivToNegative" classname="model.CalculatorModelTest" time="0.001"/>
  <testcase name="negativeStartToOp" classname="model.CalculatorModelTest" time="0.0"/>
  <testcase name="erToNum" classname="model.CalculatorModelTest" time="0.0"/>
  <testcase name="readyToDelete" classname="model.CalculatorModelTest" time="0.0"/>
  <testcase name="resultIndivisible" classname="model.CalculatorModelTest" time="0.0"/>
  <testcase name="erToOp" classname="model.CalculatorModelTest" time="0.001"/>
  <testcase name="opToNum" classname="model.CalculatorModelTest" time="0.0"/>
  <testcase name="readyToOp" classname="model.CalculatorModelTest" time="0.001"/>
  <testcase name="readyToToggle" classname="model.CalculatorModelTest" time="0.0"/>
  <testcase name="sample" classname="model.CalculatorModelTest" time="0.001"/>
  <testcase name="numToDeleteBecomeReady" classname="model.CalculatorModelTest" time="0.0"/>
  <testcase name="opToEqual" classname="model.CalculatorModelTest" time="0.001"/>
  <testcase name="readyToEqual" classname="model.CalculatorModelTest" time="0.0"/>
  <testcase name="erToC" classname="model.CalculatorModelTest" time="0.0"/>
  <testcase name="opToC" classname="model.CalculatorModelTest" time="0.0"/>
  <testcase name="numToClear" classname="model.CalculatorModelTest" time="0.0"/>
  <testcase name="negativeToOp" classname="model.CalculatorModelTest" time="0.0"/>
  <testcase name="toggleSignBecomeInputOperator" classname="model.CalculatorModelTest" time="0.0"/>
  <testcase name="readyToDot" classname="model.CalculatorModelTest" time="0.0">
    <system-out><![CDATA[、初期状態の数字は0
]]></system-out>
  </testcase>
  <testcase name="readyToNum" classname="model.CalculatorModelTest" time="0.001"/>
  <testcase name="numToEqualNotCalculate" classname="model.CalculatorModelTest" time="0.0"/>
  <testcase name="opToDelete" classname="model.CalculatorModelTest" time="0.0"/>
  <testcase name="inputtedOverEigthdigitsWithDot" classname="model.CalculatorModelTest" time="0.0"/>
  <testcase name="resultDivisible" classname="model.CalculatorModelTest" time="0.0"/>
  <testcase name="toggleSignBecomeReady" classname="model.CalculatorModelTest" time="0.0"/>
  <testcase name="inputtedOverEigthdigits" classname="model.CalculatorModelTest" time="0.0"/>
  <testcase name="numToDeleteBecomeInputOperator" classname="model.CalculatorModelTest" time="0.001"/>
</testsuite>